\BOOKMARK [0][-]{chapter.1}{Charged Leptons}{}% 1
\BOOKMARK [1][-]{section.1.1}{Overview}{chapter.1}% 2
\BOOKMARK [1][-]{section.1.2}{Flavor-Violating Processes}{chapter.1}% 3
\BOOKMARK [2][-]{subsection.1.2.1}{Theory Overview}{section.1.2}% 4
\BOOKMARK [3][-]{subsubsection.1.2.1.1}{CLFV Decays in Specific New Physics Models}{subsection.1.2.1}% 5
\BOOKMARK [2][-]{subsection.1.2.2}{Muon Experimental Overview}{section.1.2}% 6
\BOOKMARK [3][-]{subsubsection.1.2.2.1}{Muon Flavor Violation Experiments in this Decade}{subsection.1.2.2}% 7
\BOOKMARK [4][-]{paragraph.1.2.2.1.1}{The Mu2e Experiment}{subsubsection.1.2.2.1}% 8
\BOOKMARK [3][-]{subsubsection.1.2.2.2}{Muon Flavor Violation: The Next Generation}{subsection.1.2.2}% 9
\BOOKMARK [4][-]{paragraph.1.2.2.2.1}{Mu2e at Project X}{subsubsection.1.2.2.2}% 10
\BOOKMARK [4][-]{paragraph.1.2.2.2.2}{A surface + Beam}{subsubsection.1.2.2.2}% 11
\BOOKMARK [4][-]{paragraph.1.2.2.2.3}{e }{subsubsection.1.2.2.2}% 12
\BOOKMARK [4][-]{paragraph.1.2.2.2.4}{3e}{subsubsection.1.2.2.2}% 13
\BOOKMARK [2][-]{subsection.1.2.3}{Tau Experimental Overview}{section.1.2}% 14
\BOOKMARK [1][-]{section.1.3}{Flavor-Conserving Processes}{chapter.1}% 15
\BOOKMARK [2][-]{subsection.1.3.1}{ Magnetic and Electric Dipole Moment Theory Overview}{section.1.3}% 16
\BOOKMARK [2][-]{subsection.1.3.2}{Muon g-2: Experiment}{section.1.3}% 17
\BOOKMARK [2][-]{subsection.1.3.3}{Muon g-2: Expected improvements in the Predicted Value}{section.1.3}% 18
\BOOKMARK [2][-]{subsection.1.3.4}{ g-2 and EDM}{section.1.3}% 19
\BOOKMARK [2][-]{subsection.1.3.5}{Storage Ring EDMs}{section.1.3}% 20
\BOOKMARK [2][-]{subsection.1.3.6}{Precision measurements of the muon decay spectrum}{section.1.3}% 21
\BOOKMARK [2][-]{subsection.1.3.7}{Parity-Violating Experiments}{section.1.3}% 22
\BOOKMARK [1][-]{section.1.4}{Summary}{chapter.1}% 23
